[echo -n] works
Configuring for [markdown]
Looking for cpp
CPP=[/lib/cpp], CPPFLAGS=[]
looking for install
 (/usr/bin/install)
checking out the C compiler
checking for "volatile" keyword
checking for "const" keyword
defining WORD & DWORD scalar types
/tmp/pd18169.c: In function 'main':
/tmp/pd18169.c:13: warning: incompatible implicit declaration of built-in function 'exit'
/tmp/ngc18169.c: In function 'main':
/tmp/ngc18169.c:5: warning: initialization makes pointer from integer without a cast
/tmp/ngc18169.c:6: warning: initialization makes pointer from integer without a cast
looking for header libgen.h
looking for header pwd.h
looking for the getpwuid function
looking for the srandom function
looking for the bzero function
/tmp/ngc18169.c: In function 'main':
/tmp/ngc18169.c:4: warning: incompatible implicit declaration of built-in function 'bzero'
looking for the random function
looking for the strcasecmp function
looking for the strncasecmp function
looking for the fchdir function
looking for header malloc.h
sed is /bin/sed
generating Makefile
generating version.c
generating markdown.1
